build/app/outputs/mapping/release/seeds.txt
com.example.passforge.MainActivity
com.example.passforge.MainActivity: MainActivity()
...
io.flutter.plugins.GeneratedPluginRegistrant
androidx.window.extensions.core.util.function.Predicate
androidx.core.app.RemoteActionCompat
io.flutter.plugin.platform.SingleViewPresentation
androidx.window.extensions.core.util.function.Consumer
io.flutter.view.FlutterCallbackInformation
androidx.versionedparcelable.ParcelImpl
androidx.profileinstaller.ProfileInstallerInitializer
androidx.core.app.RemoteActionCompatParcelizer
androidx.core.graphics.drawable.IconCompatParcelizer
androidx.core.graphics.drawable.IconCompat
io.flutter.embedding.engine.FlutterJNI
androidx.versionedparcelable.CustomVersionedParcelable
android.support.v4.app.RemoteActionCompatParcelizer
androidx.window.area.reflectionguard.ExtensionWindowAreaStatusRequirements
androidx.window.layout.adapter.sidecar.SidecarCompat$TranslatingCallback
androidx.window.area.reflectionguard.WindowAreaComponentApi3Requirements
io.flutter.view.TextureRegistry$GLTextureConsumer
io.flutter.plugin.editing.ImeSyncDeferringInsetsCallback$AnimationCallback
androidx.startup.InitializationProvider
io.flutter.embedding.engine.FlutterOverlaySurface
kotlinx.coroutines.android.AndroidDispatcherFactory
androidx.annotation.Keep
androidx.window.area.reflectionguard.ExtensionWindowAreaPresentationRequirements
io.flutter.plugin.editing.ImeSyncDeferringInsetsCallback
androidx.window.extensions.core.util.function.Function
io.flutter.embedding.engine.renderer.FlutterRenderer$ImageTextureRegistryEntry
io.flutter.embedding.engine.renderer.FlutterRenderer$ImageReaderSurfaceProducer
io.flutter.view.TextureRegistry$ImageTextureEntry
androidx.core.app.CoreComponentFactory
io.flutter.view.TextureRegistry$ImageConsumer
androidx.window.layout.adapter.sidecar.DistinctElementSidecarCallback
io.flutter.embedding.engine.plugins.lifecycle.HiddenLifecycleReference
io.flutter.embedding.engine.renderer.SurfaceTextureWrapper
kotlin.coroutines.jvm.internal.BaseContinuationImpl
io.flutter.view.AccessibilityViewEmbedder
io.flutter.view.TextureRegistry$SurfaceTextureEntry
androidx.window.area.reflectionguard.WindowAreaComponentApi2Requirements
android.support.v4.graphics.drawable.IconCompatParcelizer
kotlinx.coroutines.internal.StackTraceRecoveryKt
io.flutter.view.TextureRegistry$SurfaceProducer
androidx.profileinstaller.ProfileInstallReceiver
androidx.lifecycle.ProcessLifecycleInitializer
io.flutter.embedding.engine.mutatorsstack.FlutterMutatorsStack
com.google.crypto.tink.proto.KeysetInfo$KeyInfo: com.google.crypto.tink.shaded.protobuf.Parser PARSER
io.flutter.embedding.engine.FlutterJNI: boolean initCalled
com.google.crypto.tink.proto.AesEaxKey: int PARAMS_FIELD_NUMBER
com.google.crypto.tink.proto.KmsEnvelopeAeadKey: int PARAMS_FIELD_NUMBER
com.google.crypto.tink.proto.KeysetInfo$KeyInfo: java.lang.String typeUrl_
com.google.crypto.tink.proto.KmsAeadKeyFormat: java.lang.String keyUri_
com.google.crypto.tink.proto.HmacKey: int VERSION_FIELD_NUMBER
com.google.crypto.tink.proto.KeyTemplate: com.google.crypto.tink.shaded.protobuf.ByteString value_
com.google.crypto.tink.proto.AesCmacParams: com.google.crypto.tink.proto.AesCmacParams DEFAULT_INSTANCE
com.google.crypto.tink.proto.Keyset$Key: int outputPrefixType_
androidx.concurrent.futures.AbstractResolvableFuture: androidx.concurrent.futures.AbstractResolvableFuture$Listener listeners
kotlinx.coroutines.scheduling.CoroutineScheduler: long parkedWorkersStack
com.google.crypto.tink.proto.AesCmacKey: com.google.crypto.tink.proto.AesCmacParams params_
io.flutter.embedding.engine.renderer.FlutterRenderer$ImageTextureRegistryEntry: android.media.Image image
kotlinx.coroutines.EventLoopImplBase: int _isCompleted
com.google.crypto.tink.shaded.protobuf.GeneratedMessageLite: java.util.Map defaultInstanceMap
kotlinx.coroutines.internal.LockFreeTaskQueueCore: java.lang.Object _next
kotlinx.coroutines.android.AndroidExceptionPreHandler: java.lang.Object _preHandler
kotlinx.coroutines.internal.AtomicOp: java.lang.Object _consensus