build/app/outputs/mapping/release/usage.txt
com.example.passforge.R$drawable
com.example.passforge.R$mipmap
com.example.passforge.R$style
com.example.passforge.R
...
androidx.concurrent.futures.AbstractResolvableFuture$$InternalSyntheticThrowCCEIfNotNull$9$743ab975251cb1db22f16289a9e8244bd87ce07e9c3878c0207da2083dd011f0$0
androidx.concurrent.futures.AbstractResolvableFuture$Failure$1
androidx.concurrent.futures.AbstractResolvableFuture$Failure:
    public static final androidx.concurrent.futures.AbstractResolvableFuture$Failure FALLBACK_INSTANCE
    public static void <clinit>()
    public void <init>(java.lang.Throwable)
androidx.concurrent.futures.AbstractResolvableFuture$SetFuture
androidx.concurrent.futures.AbstractResolvableFuture:
    public static java.lang.Object checkNotNull(java.lang.Object)
    public static java.lang.Object getFutureValue(com.google.common.util.concurrent.ListenableFuture)
androidx.core.app.CoreComponentFactory$$InternalSyntheticThrowCCEIfNotNull$9$63f81007c039b90f803abbc92d2dc4a9b588da3cd2b16cb150e1e43c92db0ff5$0
androidx.core.app.CoreComponentFactory$CompatWrapped
androidx.core.content.OnConfigurationChangedProvider
androidx.core.view.OnApplyWindowInsetsListener:
    public abstract androidx.core.view.WindowInsetsCompat onApplyWindowInsets(android.view.View,androidx.core.view.WindowInsetsCompat)
androidx.core.view.ViewCompat$Api20Impl
androidx.core.view.ViewCompat$Api21Impl$1:
    public final synthetic androidx.core.view.OnApplyWindowInsetsListener val$listener
androidx.core.view.ViewCompat$Api28Impl$$InternalSyntheticLambda$3$2681dfbdcb67c35f98eab0e2bfd7b6e0f40bc9ea41db120cd68736076963a523$0:
    public final synthetic androidx.core.view.ViewCompat$OnUnhandledKeyEventListenerCompat f$0
androidx.core.view.ViewCompat$OnUnhandledKeyEventListenerCompat:
    public abstract boolean onUnhandledKeyEvent(android.view.View,android.view.KeyEvent)
androidx.core.view.ViewCompat:
    public static boolean sAccessibilityDelegateCheckFailed
    public static java.util.WeakHashMap sViewPropertyAnimatorMap
    public static void requestApplyInsets(android.view.View)
androidx.core.view.autofill.AutofillIdCompat:
    public abstract android.view.autofill.AutofillId toAutofillId()
androidx.lifecycle.GeneratedAdapter:
    public abstract void callMethods(androidx.lifecycle.LifecycleOwner,androidx.lifecycle.Lifecycle$Event,boolean,androidx.lifecycle.MethodCallsLogger)
androidx.lifecycle.LifecycleRegistryOwner
androidx.lifecycle.ReportFragment$Companion$$InternalSyntheticThrowCCEIfNotNull$9$00e9ac50f5a00c3ae07a61949c4665c1d7a4f130526c3286c8ad38eb619c5450$0
androidx.lifecycle.SingleGeneratedAdapterObserver:
    public final androidx.lifecycle.GeneratedAdapter generatedAdapter
androidx.startup.StartupLogger
androidx.window.layout.adapter.sidecar.SidecarCompat$$InternalSyntheticLambda$2$f96d32dc54d6323bf5d2aa80c8442c0730b6aa9434ee342ae61d43a067c2b7c2$0
androidx.window.layout.adapter.sidecar.SidecarCompat$$InternalSyntheticThrowCCEIfNotNull$9$0b817d34bb50b96142f1a9a41878ff4e03d41c6b83c6df29d2df8e23f0aa0f4e$0
androidx.window.layout.adapter.sidecar.SidecarCompat$$InternalSyntheticThrowCCEIfNotNull$9$f96d32dc54d6323bf5d2aa80c8442c0730b6aa9434ee342ae61d43a067c2b7c2$0
androidx.window.layout.adapter.sidecar.SidecarCompat:
    public static synthetic void $r8$lambda$wNkse0AIN2v-fCgvjk8xABKY5FM(androidx.window.layout.adapter.sidecar.SidecarCompat,android.app.Activity,android.content.res.Configuration)
    public static final void registerConfigurationChangeListener$lambda$0(androidx.window.layout.adapter.sidecar.SidecarCompat,android.app.Activity,android.content.res.Configuration)
com.google.common.util.concurrent.ListenableFuture